Change Component DesignItemId : Designator=D1 Old DesignItemId=Diode BBY31 New DesignItemId=ESD-Diode
Change Component DesignItemId : Designator=D2 Old DesignItemId=Diode BBY31 New DesignItemId=ESD-Diode
Change Component DesignItemId : Designator=D3 Old DesignItemId=Diode BBY31 New DesignItemId=ESD-Diode
Change Component DesignItemId : Designator=D4 Old DesignItemId=Diode BBY31 New DesignItemId=ESD-Diode
Change Component Comment : Designator=D1 Old Comment=Schutzdiode New Comment=ESD-Diode
Change Component Comment : Designator=D2 Old Comment=Schutzdiode New Comment=ESD-Diode
Change Component Comment : Designator=D3 Old Comment=Schutzdiode New Comment=ESD-Diode
Change Component Comment : Designator=D4 Old Comment=Schutzdiode New Comment=ESD-Diode
Change Component Designator: OldDesignator=COM NewDesignator=Sync
Change Component Description : Designator=D1 Old Description=Schutzdiode New Description=
Change Component Description : Designator=D2 Old Description=Schutzdiode New Description=
Change Component Description : Designator=D3 Old Description=Schutzdiode New Description=
Change Component Description : Designator=D4 Old Description=Schutzdiode New Description=
Change Component Library : Designator=D1 Old Library=Miscellaneous Devices.IntLib New Library=FM_own_parts.SchLib
Change Component Library : Designator=D2 Old Library=Miscellaneous Devices.IntLib New Library=FM_own_parts.SchLib
Change Component Library : Designator=D3 Old Library=Miscellaneous Devices.IntLib New Library=FM_own_parts.SchLib
Change Component Library : Designator=D4 Old Library=Miscellaneous Devices.IntLib New Library=FM_own_parts.SchLib
Change component parameters: Designator = "R4"; Footprint = "6-0805_N"; UniqueID = "\RDBRDEYX"
Change component parameters. Clean all parameters for all variants
Change component parameters (AddParameter): Name = "LatestRevisionDate"; Value = "29-May-2009"; VariantName = "[No Variations]"
Change component parameters (AddParameter): Name = "LatestRevisionNote"; Value = "IPC-7351 Footprint Added."; VariantName = "[No Variations]"
Change component parameters (AddParameter): Name = "PackageDescription"; Value = "Chip Resistor"; VariantName = "[No Variations]"
Change component parameters (AddParameter): Name = "PackageReference"; Value = "J1-0603"; VariantName = "[No Variations]"
Change component parameters (AddParameter): Name = "Published"; Value = "8-Jun-2000"; VariantName = "[No Variations]"
Change component parameters (AddParameter): Name = "Publisher"; Value = "Altium Limited"; VariantName = "[No Variations]"
Change component parameters (AddParameter): Name = "Value"; Value = "200 (Measure)"; VariantName = "[No Variations]"
Change component parameters: Designator = "D1"; Footprint = "Schutzdiode"; UniqueID = "\UYWSIOYS"
Change component parameters. Clean all parameters for all variants
Change component parameters: Designator = "D2"; Footprint = "Schutzdiode"; UniqueID = "\FHIWWLEQ"
Change component parameters. Clean all parameters for all variants
Change component parameters: Designator = "D3"; Footprint = "Schutzdiode"; UniqueID = "\RKVCWLLC"
Change component parameters. Clean all parameters for all variants
Change component parameters: Designator = "D4"; Footprint = "Schutzdiode"; UniqueID = "\BMALSKCS"
Change component parameters. Clean all parameters for all variants
Added Room: Name=Necklace_schematic
