Removed Pin From Net: NetName=GND Pin=LED1-0
Removed Pin From Net: NetName=NetLED1_1 Pin=LED1-1
Removed Pin From Net: NetName=LED_out Pin=Q1-1
Removed Pin From Net: NetName=NetLED1_1 Pin=Q1-2
Removed Pin From Net: NetName=NetLED1_1 Pin=R4-1
Change Component Comment : Designator=Q1 Old Comment=MOSFET-N New Comment=JFET
Added Component: Designator=BTN(Touch_sensor)
Add component. Clean all parameters for all variants
Added Component: Designator=R5(6-0805_N)
Add component. Clean all parameters for all variants
Add component (AddParameter): Name = "LatestRevisionDate"; Value = "29-May-2009"; VariantName = "[No Variations]"
Add component (AddParameter): Name = "LatestRevisionNote"; Value = "IPC-7351 Footprint Added."; VariantName = "[No Variations]"
Add component (AddParameter): Name = "PackageDescription"; Value = "Chip Resistor"; VariantName = "[No Variations]"
Add component (AddParameter): Name = "PackageReference"; Value = "J1-0603"; VariantName = "[No Variations]"
Add component (AddParameter): Name = "Published"; Value = "8-Jun-2000"; VariantName = "[No Variations]"
Add component (AddParameter): Name = "Publisher"; Value = "Altium Limited"; VariantName = "[No Variations]"
Add component (AddParameter): Name = "Value"; Value = "8.2M"; VariantName = "[No Variations]"
Added Pin To Net: NetName=Capacitive_Sensor Pin=BTN-0
Added Pin To Net: NetName=VCC Pin=BTN-1
Added Pin To Net: NetName=NetLED1_1 Pin=LED1-0
Added Pin To Net: NetName=LED_out Pin=LED1-1
Added Pin To Net: NetName=NetLED1_1 Pin=Q1-1
Added Pin To Net: NetName=GND Pin=Q1-2
Added Pin To Net: NetName=GND Pin=R5-1
Added Pin To Net: NetName=Capacitive_Sensor Pin=R5-2
Change Net Name : Old Net Name=NetLED1_1 New Net Name=NetLED1_0
Added Member To Class: ClassName=Necklace_schematic Member=Component BTN Touch_sensor
Added Member To Class: ClassName=Necklace_schematic Member=Component R5 Res3
Added Room: Name=Necklace_schematic
